
************************************
* Waiting for client to connect... *
************************************
---------------------------------------------------------------------------------------
                    RDMA_Write Latency Test
 Dual-port       : OFF		Device         : mlx4_0
 Number of qps   : 1		Transport type : IB
 Connection type : RC		Using SRQ      : OFF
 Mtu             : 2048[B]
 Link type       : IB
 Max inline data : 220[B]
 rdma_cm QPs	 : OFF
 Data ex. method : Ethernet
---------------------------------------------------------------------------------------
 local address: LID 0x3f4 QPN 0x5ba4 PSN 0xd97f5a RKey 0xe8013c24 VAddr 0x007f4b4ee79000
---------------------------------------------------------------------------------------
                    RDMA_Write Latency Test
 Dual-port       : OFF		Device         : mlx4_0
 Number of qps   : 1		Transport type : IB
 Connection type : RC		Using SRQ      : OFF
 TX depth        : 1
 Mtu             : 2048[B]
 Link type       : IB
 Max inline data : 220[B]
 rdma_cm QPs	 : OFF
 Data ex. method : Ethernet
---------------------------------------------------------------------------------------
 local address: LID 0x3f4 QPN 0x5ba5 PSN 0xde9221 RKey 0xe8013d24 VAddr 0x007f852259e000
 remote address: LID 0x3f4 QPN 0x5ba5 PSN 0xde9221 RKey 0xe8013d24 VAddr 0x007f852259e000
 remote address: LID 0x3f4 QPN 0x5ba4 PSN 0xd97f5a RKey 0xe8013c24 VAddr 0x007f4b4ee79000
---------------------------------------------------------------------------------------
 #bytes #iterations    t_min[usec]    t_max[usec]  t_typical[usec]    t_avg[usec]    t_stdev[usec]   99% percentile[usec]   99.9% percentile[usec] 
---------------------------------------------------------------------------------------
 #bytes #iterations    t_min[usec]    t_max[usec]  t_typical[usec]    t_avg[usec]    t_stdev[usec]   99% percentile[usec]   99.9% percentile[usec] 
Conflicting CPU frequency values detected: 2799.951000 != 2899.926000. CPU Frequency is not max.
Conflicting CPU frequency values detected: 2799.951000 != 2899.926000. CPU Frequency is not max.
Conflicting CPU frequency values detected: 2799.951000 != 2999.902000. CPU Frequency is not max.
Conflicting CPU frequency values detected: 2799.951000 != 2999.902000. CPU Frequency is not max.
 2       1000          0.67           3.59         0.68     	       0.69        	0.09   		0.84    		3.59   
 2       1000          0.66           6.49         0.68     	       0.69        	0.10   		0.88    		6.49   
Conflicting CPU frequency values detected: 2799.951000 != 2998.474000. CPU Frequency is not max.
Conflicting CPU frequency values detected: 2799.951000 != 2998.474000. CPU Frequency is not max.
Conflicting CPU frequency values detected: 2799.951000 != 2999.902000. CPU Frequency is not max.
Conflicting CPU frequency values detected: 2799.951000 != 2999.902000. CPU Frequency is not max.
 4       1000          0.67           3.53         0.68     	       0.69        	0.03   		0.86    		3.53   
 4       1000          0.67           1.99         0.68     	       0.69        	0.04   		0.79    		1.99   
Conflicting CPU frequency values detected: 2799.951000 != 2999.902000. CPU Frequency is not max.
Conflicting CPU frequency values detected: 2799.951000 != 2999.902000. CPU Frequency is not max.
Conflicting CPU frequency values detected: 2799.951000 != 2999.902000. CPU Frequency is not max.
Conflicting CPU frequency values detected: 2799.951000 != 2999.902000. CPU Frequency is not max.
 8       1000          0.67           2.01         0.69     	       0.69        	0.04   		0.78    		2.01   
 8       1000          0.67           3.67         0.68     	       0.69        	0.05   		0.86    		3.67   
Conflicting CPU frequency values detected: 2799.951000 != 2999.902000. CPU Frequency is not max.
Conflicting CPU frequency values detected: 2799.951000 != 2999.902000. CPU Frequency is not max.
Conflicting CPU frequency values detected: 2885.961000 != 2799.951000. CPU Frequency is not max.
Conflicting CPU frequency values detected: 2885.961000 != 2799.951000. CPU Frequency is not max.
 16      1000          0.67           3.26         0.69     	       0.69        	0.03   		0.86    		3.26   
 16      1000          0.67           2.88         0.69     	       0.69        	0.04   		0.79    		2.88   
Conflicting CPU frequency values detected: 3028.466000 != 2929.919000. CPU Frequency is not max.
Conflicting CPU frequency values detected: 3028.466000 != 2929.919000. CPU Frequency is not max.
Conflicting CPU frequency values detected: 3161.926000 != 3062.268000. CPU Frequency is not max.
Conflicting CPU frequency values detected: 3161.926000 != 3062.268000. CPU Frequency is not max.
 32      1000          0.69           10.07        0.70     	       0.81        	0.73   		6.83    		10.07  
 32      1000          0.69           8.26         0.70     	       0.81        	0.75   		6.84    		8.26   
Conflicting CPU frequency values detected: 3166.845000 != 3083.056000. CPU Frequency is not max.
Conflicting CPU frequency values detected: 3166.845000 != 3083.056000. CPU Frequency is not max.
Conflicting CPU frequency values detected: 3102.893000 != 3024.658000. CPU Frequency is not max.
Conflicting CPU frequency values detected: 3102.893000 != 3024.658000. CPU Frequency is not max.
 64      1000          0.71           7.13         0.73     	       0.80        	0.61   		6.22    		7.13   
 64      1000          0.71           7.12         0.73     	       0.80        	0.61   		6.22    		7.12   
Conflicting CPU frequency values detected: 3115.112000 != 3046.875000. CPU Frequency is not max.
Conflicting CPU frequency values detected: 3115.112000 != 3046.875000. CPU Frequency is not max.
Conflicting CPU frequency values detected: 3052.270000 != 2891.674000. CPU Frequency is not max.
Conflicting CPU frequency values detected: 3052.270000 != 2891.674000. CPU Frequency is not max.
 128     1000          0.80           7.97         0.82     	       0.89        	0.64   		6.72    		7.97   
 128     1000          0.80           7.85         0.82     	       0.89        	0.63   		6.73    		7.85   
Conflicting CPU frequency values detected: 3086.071000 != 2799.951000. CPU Frequency is not max.
Conflicting CPU frequency values detected: 3086.071000 != 2799.951000. CPU Frequency is not max.
Conflicting CPU frequency values detected: 2895.166000 != 2802.014000. CPU Frequency is not max.
Conflicting CPU frequency values detected: 2895.166000 != 2802.014000. CPU Frequency is not max.
 256     1000          1.56           10.53        1.62     	       2.04        	1.30   		8.64    		10.53  
 256     1000          1.56           9.93         1.61     	       2.04        	1.28   		8.16    		9.93   
Conflicting CPU frequency values detected: 3137.170000 != 3024.182000. CPU Frequency is not max.
Conflicting CPU frequency values detected: 3137.170000 != 3024.182000. CPU Frequency is not max.
Conflicting CPU frequency values detected: 2921.350000 != 2801.696000. CPU Frequency is not max.
Conflicting CPU frequency values detected: 2921.350000 != 2801.696000. CPU Frequency is not max.
 512     1000          1.79           11.16        1.84     	       2.07        	1.09   		8.07    		11.16  
 512     1000          1.79           9.32         1.85     	       2.07        	1.09   		8.05    		9.32   
Conflicting CPU frequency values detected: 2890.563000 != 2800.109000. CPU Frequency is not max.
Conflicting CPU frequency values detected: 2890.563000 != 2800.109000. CPU Frequency is not max.
Conflicting CPU frequency values detected: 2860.412000 != 2799.951000. CPU Frequency is not max.
Conflicting CPU frequency values detected: 2860.412000 != 2799.951000. CPU Frequency is not max.
 1024    1000          2.13           11.12        2.19     	       2.20        	0.16   		2.43    		11.12  
 1024    1000          2.13           7.24         2.18     	       2.20        	0.12   		2.78    		7.24   
Conflicting CPU frequency values detected: 2799.951000 != 2999.902000. CPU Frequency is not max.
Conflicting CPU frequency values detected: 2799.951000 != 2999.902000. CPU Frequency is not max.
Conflicting CPU frequency values detected: 2799.951000 != 2999.902000. CPU Frequency is not max.
Conflicting CPU frequency values detected: 2799.951000 != 2999.902000. CPU Frequency is not max.
 2048    1000          2.74           5.85         2.79     	       2.81        	0.16   		3.00    		5.85   
 2048    1000          2.74           5.83         2.80     	       2.81        	0.17   		3.07    		5.83   
Conflicting CPU frequency values detected: 2799.951000 != 2999.902000. CPU Frequency is not max.
Conflicting CPU frequency values detected: 2799.951000 != 2999.902000. CPU Frequency is not max.
Conflicting CPU frequency values detected: 2799.951000 != 2999.902000. CPU Frequency is not max.
Conflicting CPU frequency values detected: 2799.951000 != 2999.902000. CPU Frequency is not max.
 4096    1000          3.05           9.23         3.18     	       3.21        	0.27   		3.78    		9.23   
 4096    1000          3.05           9.25         3.18     	       3.21        	0.26   		3.58    		9.25   
Conflicting CPU frequency values detected: 2799.951000 != 2999.902000. CPU Frequency is not max.
Conflicting CPU frequency values detected: 2799.951000 != 2999.902000. CPU Frequency is not max.
Conflicting CPU frequency values detected: 2799.951000 != 2999.902000. CPU Frequency is not max.
Conflicting CPU frequency values detected: 2799.951000 != 2999.902000. CPU Frequency is not max.
 8192    1000          3.90           9.33         3.96     	       3.99        	0.20   		4.37    		9.33   
 8192    1000          3.89           9.89         3.96     	       3.99        	0.25   		4.41    		9.89   
Conflicting CPU frequency values detected: 2799.951000 != 2999.902000. CPU Frequency is not max.
Conflicting CPU frequency values detected: 2799.951000 != 2999.902000. CPU Frequency is not max.
Conflicting CPU frequency values detected: 2799.951000 != 2999.902000. CPU Frequency is not max.
Conflicting CPU frequency values detected: 2799.951000 != 2999.902000. CPU Frequency is not max.
 16384   1000          5.34           12.78        5.47     	       5.51        	0.34   		7.48    		12.78  
 16384   1000          5.35           12.84        5.47     	       5.51        	0.30   		7.49    		12.84  
Conflicting CPU frequency values detected: 2799.951000 != 2993.395000. CPU Frequency is not max.
Conflicting CPU frequency values detected: 2799.951000 != 2993.395000. CPU Frequency is not max.
Conflicting CPU frequency values detected: 2799.951000 != 2999.902000. CPU Frequency is not max.
Conflicting CPU frequency values detected: 2799.951000 != 2999.902000. CPU Frequency is not max.
 32768   1000          8.51           11.92        8.63     	       8.67        	0.30   		11.09   		11.92  
 32768   1000          8.47           12.09        8.62     	       8.67        	0.32   		10.99   		12.09  
Conflicting CPU frequency values detected: 2799.951000 != 2999.902000. CPU Frequency is not max.
Conflicting CPU frequency values detected: 2799.951000 != 2999.902000. CPU Frequency is not max.
Conflicting CPU frequency values detected: 2799.951000 != 2999.902000. CPU Frequency is not max.
Conflicting CPU frequency values detected: 2799.951000 != 2999.902000. CPU Frequency is not max.
 65536   1000          14.48          22.44        14.73    	       14.82       	0.60   		19.31   		22.44  
 65536   1000          14.49          22.49        14.74    	       14.81       	0.56   		18.82   		22.49  
Conflicting CPU frequency values detected: 2799.951000 != 2999.902000. CPU Frequency is not max.
Conflicting CPU frequency values detected: 2799.951000 != 2999.902000. CPU Frequency is not max.
Conflicting CPU frequency values detected: 2799.951000 != 2999.902000. CPU Frequency is not max.
Conflicting CPU frequency values detected: 2799.951000 != 2999.902000. CPU Frequency is not max.
 131072  1000          26.67          46.69        26.94    	       27.08       	0.75   		31.19   		46.69  
 131072  1000          26.66          49.84        26.94    	       27.08       	0.77   		31.32   		49.84  
Conflicting CPU frequency values detected: 2799.951000 != 2999.902000. CPU Frequency is not max.
Conflicting CPU frequency values detected: 2799.951000 != 2999.902000. CPU Frequency is not max.
Conflicting CPU frequency values detected: 2799.951000 != 2999.902000. CPU Frequency is not max.
Conflicting CPU frequency values detected: 2799.951000 != 2999.902000. CPU Frequency is not max.
 262144  1000          51.03          59.25        51.33    	       51.39       	0.41   		54.19   		59.25  
 262144  1000          51.03          56.22        51.33    	       51.39       	0.41   		54.36   		56.22  
Conflicting CPU frequency values detected: 2799.951000 != 2999.902000. CPU Frequency is not max.
Conflicting CPU frequency values detected: 2799.951000 != 2999.902000. CPU Frequency is not max.
Conflicting CPU frequency values detected: 2870.251000 != 2802.490000. CPU Frequency is not max.
Conflicting CPU frequency values detected: 2870.251000 != 2802.490000. CPU Frequency is not max.
 524288  1000          99.79          106.78       100.20   	       100.32      	0.72   		104.65  		106.78 
 524288  1000          99.78          107.61       100.20   	       100.32      	0.73   		104.70  		107.61 
Conflicting CPU frequency values detected: 3171.606000 != 3087.817000. CPU Frequency is not max.
Conflicting CPU frequency values detected: 3171.606000 != 3087.817000. CPU Frequency is not max.
Conflicting CPU frequency values detected: 3128.442000 != 3055.761000. CPU Frequency is not max.
Conflicting CPU frequency values detected: 3128.442000 != 3055.761000. CPU Frequency is not max.
 1048576 1000          197.08         212.41       197.34   	       198.59      	2.30   		207.48  		212.41 
 1048576 1000          197.12         214.95       197.33   	       198.57      	2.35   		207.65  		214.95 
Conflicting CPU frequency values detected: 3050.524000 != 2981.176000. CPU Frequency is not max.
Conflicting CPU frequency values detected: 3050.524000 != 2981.176000. CPU Frequency is not max.
Conflicting CPU frequency values detected: 3083.215000 != 3018.627000. CPU Frequency is not max.
Conflicting CPU frequency values detected: 3083.215000 != 3018.627000. CPU Frequency is not max.
 2097152 1000          391.98         450.36       395.86   	       398.02      	7.23   		429.30  		450.36 
 2097152 1000          391.97         453.97       396.07   	       398.04      	7.29   		428.71  		453.97 
Conflicting CPU frequency values detected: 3151.770000 != 3047.351000. CPU Frequency is not max.
Conflicting CPU frequency values detected: 3151.770000 != 3047.351000. CPU Frequency is not max.
Conflicting CPU frequency values detected: 3089.245000 != 2988.793000. CPU Frequency is not max.
Conflicting CPU frequency values detected: 3089.245000 != 2988.793000. CPU Frequency is not max.
 4194304 1000          843.11         986.18       890.05   	       890.21      	26.83  		954.68  		986.18 
 4194304 1000          842.39         976.93       889.09   	       890.23      	27.30  		961.62  		976.93 
Conflicting CPU frequency values detected: 3057.824000 != 2935.473000. CPU Frequency is not max.
Conflicting CPU frequency values detected: 3057.824000 != 2935.473000. CPU Frequency is not max.
Conflicting CPU frequency values detected: 3200.329000 != 3064.013000. CPU Frequency is not max.
Conflicting CPU frequency values detected: 3200.329000 != 3064.013000. CPU Frequency is not max.
 8388608 1000          1687.27        1940.24      1742.04  	       1739.31     	27.92  		1869.21 		1940.24
---------------------------------------------------------------------------------------
 8388608 1000          1691.55        1911.75      1742.51  	       1739.38     	28.09  		1871.61 		1911.75
---------------------------------------------------------------------------------------
Buffer Size: 8
Number of Int Elements: 1
Average Round Trip Time: 0.420500

Buffer Size: 16
Number of Int Elements: 2
Average Round Trip Time: 0.336500

Buffer Size: 32
Number of Int Elements: 4
Average Round Trip Time: 0.319000

Buffer Size: 64
Number of Int Elements: 8
Average Round Trip Time: 0.409000

Buffer Size: 128
Number of Int Elements: 16
Average Round Trip Time: 0.460500

Buffer Size: 256
Number of Int Elements: 32
Average Round Trip Time: 0.684000

Buffer Size: 512
Number of Int Elements: 64
Average Round Trip Time: 0.649000

Buffer Size: 1024
Number of Int Elements: 128
Average Round Trip Time: 0.777500

Buffer Size: 2048
Number of Int Elements: 256
Average Round Trip Time: 0.905500

Buffer Size: 4096
Number of Int Elements: 512
Average Round Trip Time: 1.144500

Buffer Size: 8192
Number of Int Elements: 1024
Average Round Trip Time: 1.833000

Buffer Size: 16384
Number of Int Elements: 2048
Average Round Trip Time: 2.414000

Buffer Size: 32768
Number of Int Elements: 4096
Average Round Trip Time: 3.836500

Buffer Size: 65536
Number of Int Elements: 8192
Average Round Trip Time: 6.438000

Buffer Size: 131072
Number of Int Elements: 16384
Average Round Trip Time: 11.666000

Buffer Size: 262144
Number of Int Elements: 32768
Average Round Trip Time: 22.437500

Buffer Size: 524288
Number of Int Elements: 65536
Average Round Trip Time: 60.556000

Buffer Size: 1048576
Number of Int Elements: 131072
Average Round Trip Time: 117.346500

Buffer Size: 2097152
Number of Int Elements: 262144
Average Round Trip Time: 231.315000

Buffer Size: 4194304
Number of Int Elements: 524288
Average Round Trip Time: 468.196000

Buffer Size: 8388608
Number of Int Elements: 1048576
Average Round Trip Time: 952.360000

Buffer Size: 16777216
Number of Int Elements: 2097152
Average Round Trip Time: 3194.914500

Buffer Size: 33554432
Number of Int Elements: 4194304
Average Round Trip Time: 6572.964500

Buffer Size: 67108864
Number of Int Elements: 8388608
Average Round Trip Time: 13402.305500

Buffer Size: 134217728
Number of Int Elements: 16777216
Average Round Trip Time: 27802.141500

Buffer Size: 268435456
Number of Int Elements: 33554432
Average Round Trip Time: 53412.143000

slurmstepd: error: *** JOB 198480 ON e13-38 CANCELLED AT 2020-09-19T19:07:58 ***
--------------------------------------------------------------------------
ORTE has lost communication with a remote daemon.

  HNP daemon   : [[37201,0],0] on node e13-38
  Remote daemon: [[37201,0],2] on node e13-40

This is usually due to either a failure of the TCP network
connection to the node, or possibly an internal failure of
the daemon itself. We cannot recover from this failure, and
therefore will terminate the job.
--------------------------------------------------------------------------
